<?xml version="1.0" encoding="UTF-8"?>
<!-- Generated by org.testng.reporters.JUnitXMLReporter -->
<testsuite ignored="0" hostname="DESKTOP-H96QHDE" failures="0" tests="3" name="Test" time="43.918" errors="0" timestamp="2025-06-26T18:46:49 IST">
  <testcase classname="testscript.Base" name="browserInitialisation" time="8.437"/>
  <testcase classname="testscript.Base" name="driverQuit" time="0.542"/>
  <testcase classname="testscript.ManageCategoryTest" name="verifyTheUserIsAbleToAddCategoryInformations" time="8.632"/>
</testsuite> <!-- Test -->
