<?xml version="1.0" encoding="UTF-8"?>
<!-- Generated by org.testng.reporters.JUnitXMLReporter -->
<testsuite ignored="5" hostname="DESKTOP-H96QHDE" failures="0" tests="3" name="Test" time="35.287" errors="0" timestamp="2025-06-27T06:29:56 IST">
  <testcase classname="testscript.ManageContactTest" name="verifyTheUserIsAbleToDisplayContactUsInformations" time="6.014"/>
  <testcase classname="testscript.ManageContactTest" name="verifyTheUserIsAbleToUpdateContactUsInformations" time="4.153"/>
  <testcase classname="testscript.ManageFooterTest" name="verifyTheUserIsAbleToUpdateManageFooterTextInformation" time="4.866"/>
  <testcase classname="testscript.LoginTest" name="emptyUsernameAndPassword" time="0.0">
    <ignored/>
  </testcase> <!-- emptyUsernameAndPassword -->
  <testcase classname="testscript.LoginTest" name="verifyTheUserIsAbleToLoginUsingValidCredential" time="0.0">
    <ignored/>
  </testcase> <!-- verifyTheUserIsAbleToLoginUsingValidCredential -->
  <testcase classname="testscript.LoginTest" name="incorrectUsernameAndIncorrectPassword" time="0.0">
    <ignored/>
  </testcase> <!-- incorrectUsernameAndIncorrectPassword -->
  <testcase classname="testscript.LoginTest" name="correctUsernameAndIncorrectPassword" time="0.0">
    <ignored/>
  </testcase> <!-- correctUsernameAndIncorrectPassword -->
  <testcase classname="testscript.LoginTest" name="invalidUsernameAndCorrectPassword" time="0.0">
    <ignored/>
  </testcase> <!-- invalidUsernameAndCorrectPassword -->
</testsuite> <!-- Test -->
