<?xml version="1.0" encoding="UTF-8"?>
<!-- Generated by org.testng.reporters.JUnitXMLReporter -->
<testsuite ignored="0" hostname="DESKTOP-H96QHDE" failures="0" tests="6" name="Test" time="61.39" errors="0" timestamp="2025-07-02T21:13:31 IST">
  <testcase classname="testscript.LoginTest" name="correctUsernameAndIncorrectPassword" time="4.468"/>
  <testcase classname="testscript.LoginTest" name="incorrectUsernameAndIncorrectPassword" time="1.813"/>
  <testcase classname="testscript.LoginTest" name="incorrectUsernameAndIncorrectPassword" time="0.984"/>
  <testcase classname="testscript.LoginTest" name="incorrectUsernameAndIncorrectPassword" time="0.83"/>
  <testcase classname="testscript.LoginTest" name="invalidUsernameAndCorrectPassword" time="1.163"/>
  <testcase classname="testscript.LoginTest" name="verifyTheUserIsAbleToLoginUsingValidCredential" time="2.504"/>
</testsuite> <!-- Test -->
