<?xml version="1.0" encoding="UTF-8"?>
<testng-results ignored="0" total="1" passed="1" failed="0" skipped="0">
  <reporter-output>
  </reporter-output>
  <suite started-at="2025-07-11T16:31:50 IST" name="TestNG" finished-at="2025-07-11T16:32:02 IST" duration-ms="11477">
    <groups>
    </groups>
    <test started-at="2025-07-11T16:31:50 IST" name="Test" finished-at="2025-07-11T16:32:02 IST" duration-ms="11477">
      <class name="testscript.ManageCategoryTest">
        <test-method is-config="true" signature="browserInitialisation(java.lang.String)[pri:0, instance:testscript.ManageCategoryTest@4afcd809]" started-at="2025-07-11T16:31:51 IST" name="browserInitialisation" finished-at="2025-07-11T16:31:55 IST" duration-ms="4462" status="PASS">
          <params>
            <param index="0">
              <value>
                <![CDATA[chrome]]>
              </value>
            </param>
          </params>
          <reporter-output>
          </reporter-output>
        </test-method> <!-- browserInitialisation -->
        <test-method signature="verifyTheUserIsAbleToAddCategoryInformations()[pri:0, instance:testscript.ManageCategoryTest@4afcd809]" started-at="2025-07-11T16:31:55 IST" name="verifyTheUserIsAbleToAddCategoryInformations" description="CATEGORYDISPLAY" finished-at="2025-07-11T16:32:01 IST" duration-ms="6334" status="PASS">
          <reporter-output>
          </reporter-output>
        </test-method> <!-- verifyTheUserIsAbleToAddCategoryInformations -->
        <test-method is-config="true" signature="driverQuit(org.testng.ITestResult)[pri:0, instance:testscript.ManageCategoryTest@4afcd809]" started-at="2025-07-11T16:32:01 IST" name="driverQuit" finished-at="2025-07-11T16:32:02 IST" duration-ms="562" status="PASS">
          <params>
            <param index="0">
              <value>
                <![CDATA[[TestResult name=verifyTheUserIsAbleToAddCategoryInformations status=SUCCESS method=ManageCategoryTest.verifyTheUserIsAbleToAddCategoryInformations()[pri:0, instance:testscript.ManageCategoryTest@4afcd809] output={null}]]]>
              </value>
            </param>
          </params>
          <reporter-output>
          </reporter-output>
        </test-method> <!-- driverQuit -->
      </class> <!-- testscript.ManageCategoryTest -->
    </test> <!-- Test -->
  </suite> <!-- TestNG -->
</testng-results>
